<?xml version="1.0" encoding="UTF-8"?>
<!-- Generated by org.testng.reporters.JUnitReportReporter -->
<testsuite skipped="0" hostname="Sachin-PC" name="com.scp.besicsproject.CrudHibernate.PerfomAuthenticationTest" tests="4" failures="0" timestamp="17 Jul 2018 22:20:07 GMT" time="4.043" errors="0">
  <testcase name="perfomLogin" time="0.010" classname="com.scp.besicsproject.CrudHibernate.PerfomAuthenticationTest"/>
  <testcase name="perfomLogin" time="3.883" classname="com.scp.besicsproject.CrudHibernate.PerfomAuthenticationTest"/>
  <testcase name="perfomLogin" time="0.091" classname="com.scp.besicsproject.CrudHibernate.PerfomAuthenticationTest"/>
  <testcase name="perfomLogin" time="0.059" classname="com.scp.besicsproject.CrudHibernate.PerfomAuthenticationTest"/>
</testsuite> <!-- com.scp.besicsproject.CrudHibernate.PerfomAuthenticationTest -->
